<?xml version="1.0" encoding="UTF-8"?>
<!-- Generated by org.testng.reporters.JUnitReportReporter -->
<testsuite hostname="Lenovo-PC" name="googletest.GoogleTest" tests="1" failures="0" timestamp="21 Aug 2017 04:30:14 GMT" time="13.944" errors="0">
  <testcase name="gitTest" time="13.944" classname="googletest.GoogleTest"/>
</testsuite> <!-- googletest.GoogleTest -->
